<?xml version="1.0" encoding="UTF-8"?>
<testng-results ignored="0" total="1" passed="1" failed="0" skipped="0">
  <reporter-output>
  </reporter-output>
  <suite started-at="2023-11-07T12:35:17 EST" name="Surefire suite" finished-at="2023-11-07T12:35:32 EST" duration-ms="14101">
    <groups>
    </groups>
    <test started-at="2023-11-07T12:35:17 EST" name="Surefire test" finished-at="2023-11-07T12:35:32 EST" duration-ms="14101">
      <class name="test.ContactUsTest">
        <test-method is-config="true" signature="beforeTest()[pri:0, instance:test.ContactUsTest@45018215]" started-at="2023-11-07T12:35:18 EST" name="beforeTest" finished-at="2023-11-07T12:35:21 EST" duration-ms="3276" status="PASS">
          <reporter-output>
          </reporter-output>
        </test-method> <!-- beforeTest -->
        <test-method signature="testContactUs()[pri:0, instance:test.ContactUsTest@45018215]" started-at="2023-11-07T12:35:21 EST" name="testContactUs" finished-at="2023-11-07T12:35:31 EST" duration-ms="10599" status="PASS">
          <reporter-output>
          </reporter-output>
        </test-method> <!-- testContactUs -->
        <test-method is-config="true" signature="afterTest()[pri:0, instance:test.ContactUsTest@45018215]" started-at="2023-11-07T12:35:31 EST" name="afterTest" finished-at="2023-11-07T12:35:32 EST" duration-ms="184" status="PASS">
          <reporter-output>
          </reporter-output>
        </test-method> <!-- afterTest -->
      </class> <!-- test.ContactUsTest -->
    </test> <!-- Surefire test -->
  </suite> <!-- Surefire suite -->
</testng-results>
